[1226/205935.794:ERROR:crash_report_database_win.cc(455)] unexpected header
[1226/210935.796:ERROR:crash_report_database_win.cc(455)] unexpected header
[1226/210935.796:ERROR:directory_reader_win.cc(43)] FindFirstFile: The system cannot find the path specified. (0x3)
[1226/210935.797:ERROR:crash_report_database_win.cc(455)] unexpected header
[1226/210935.798:ERROR:crash_report_database_win.cc(455)] unexpected header
[1226/211435.798:ERROR:crash_report_database_win.cc(455)] unexpected header
[1226/212935.799:ERROR:crash_report_database_win.cc(455)] unexpected header
[1226/214435.802:ERROR:crash_report_database_win.cc(455)] unexpected header
[1226/215935.802:ERROR:crash_report_database_win.cc(455)] unexpected header
[1226/221435.805:ERROR:crash_report_database_win.cc(455)] unexpected header
[1226/222935.805:ERROR:crash_report_database_win.cc(455)] unexpected header
[1226/224435.806:ERROR:crash_report_database_win.cc(455)] unexpected header
[1226/230049.591:ERROR:crash_report_database_win.cc(455)] unexpected header
[1226/230104.258:ERROR:crash_report_database_win.cc(455)] unexpected header
[1226/231549.595:ERROR:crash_report_database_win.cc(455)] unexpected header
[1226/233049.595:ERROR:crash_report_database_win.cc(455)] unexpected header
[1226/234549.595:ERROR:crash_report_database_win.cc(455)] unexpected header
[1227/000049.597:ERROR:crash_report_database_win.cc(455)] unexpected header
[1227/001549.597:ERROR:crash_report_database_win.cc(455)] unexpected header
[1227/003049.597:ERROR:crash_report_database_win.cc(455)] unexpected header
[1227/004549.600:ERROR:crash_report_database_win.cc(455)] unexpected header
[1227/010049.600:ERROR:crash_report_database_win.cc(455)] unexpected header
[1227/143028.276:ERROR:crash_report_database_win.cc(455)] unexpected header
[1227/143817.381:ERROR:crash_report_database_win.cc(455)] unexpected header
[1228/122206.423:ERROR:crash_report_database_win.cc(455)] unexpected header
[1228/143426.810:ERROR:crash_report_database_win.cc(455)] unexpected header
[1229/155642.028:ERROR:crash_report_database_win.cc(455)] unexpected header
<<<<<<< HEAD
[1231/231549.040:ERROR:directory_reader_win.cc(43)] FindFirstFile: The system cannot find the path specified. (0x3)
=======
[1231/150504.807:ERROR:crash_report_database_win.cc(455)] unexpected header
[1231/151412.898:ERROR:crash_report_database_win.cc(455)] unexpected header
[1231/151904.111:ERROR:crash_report_database_win.cc(455)] unexpected header
[1231/171950.679:ERROR:crash_report_database_win.cc(455)] unexpected header
[1231/185721.634:ERROR:crash_report_database_win.cc(455)] unexpected header
[1231/190017.721:ERROR:crash_report_database_win.cc(455)] unexpected header
>>>>>>> e71fae2a151559d935618b6ff6f909d0fc9066ca
[0102/225129.307:ERROR:crash_report_database_win.cc(455)] unexpected header
[0102/230129.305:ERROR:crash_report_database_win.cc(455)] unexpected header
[0102/230129.306:ERROR:directory_reader_win.cc(43)] FindFirstFile: The system cannot find the path specified. (0x3)
[0102/230129.307:ERROR:crash_report_database_win.cc(455)] unexpected header
[0102/230129.308:ERROR:crash_report_database_win.cc(455)] unexpected header
[0102/230629.315:ERROR:crash_report_database_win.cc(455)] unexpected header
[0104/124701.651:ERROR:crash_report_database_win.cc(455)] unexpected header
[0105/145056.271:ERROR:crash_report_database_win.cc(455)] unexpected header
[0105/150056.289:ERROR:crash_report_database_win.cc(455)] unexpected header
[0105/150056.289:ERROR:directory_reader_win.cc(43)] FindFirstFile: The system cannot find the path specified. (0x3)
[0105/150056.301:ERROR:crash_report_database_win.cc(455)] unexpected header
[0105/150056.306:ERROR:crash_report_database_win.cc(455)] unexpected header
[0105/150556.273:ERROR:crash_report_database_win.cc(455)] unexpected header
[0105/152056.275:ERROR:crash_report_database_win.cc(455)] unexpected header
[0105/153556.277:ERROR:crash_report_database_win.cc(455)] unexpected header
